[0507/000058.102:ERROR:process_reader_win.cc(151)] SuspendThread: Acesso negado. (0x5)
[0507/000058.211:ERROR:exception_snapshot_win.cc(98)] thread ID 9672 not found in process
[0507/000058.211:ERROR:scoped_process_suspend.cc(40)] NtResumeProcess: Tentou-se acessar um processo de saída. (0xc000010a)
[0514/122925.820:ERROR:process_info.cc(329)] VirtualQueryEx: Acesso negado. (0x5)
[0514/122925.984:ERROR:process_info.cc(556)] ReadMemoryInfo failed
[0514/122925.984:ERROR:process_memory_win.cc(39)] Failed to initialize ProcessInfo.
[0514/122925.994:ERROR:scoped_process_suspend.cc(40)] NtResumeProcess: Tentou-se acessar um processo de saída. (0xc000010a)
[0514/130718.946:ERROR:process_memory_win.cc(73)] ReadMemory at 0xce57bfc000 of 16384 bytes failed: Somente uma parte de um pedido ReadProcessMemory ou WriteProcessMemory foi concluída. (0x12B)
[0514/130718.956:ERROR:process_memory_win.cc(73)] ReadMemory at 0xce56b1c000 of 852 bytes failed: Somente uma parte de um pedido ReadProcessMemory ou WriteProcessMemory foi concluída. (0x12B)
[0514/130718.956:ERROR:process_memory_win.cc(73)] ReadMemory at 0xce56b1f000 of 6024 bytes failed: Somente uma parte de um pedido ReadProcessMemory ou WriteProcessMemory foi concluída. (0x12B)
[0514/130718.956:ERROR:scoped_process_suspend.cc(40)] NtResumeProcess: Tentou-se acessar um processo de saída. (0xc000010a)
[0514/143832.944:ERROR:process_memory_win.cc(73)] ReadMemory at 0x67f7dfb000 of 20480 bytes failed: Somente uma parte de um pedido ReadProcessMemory ou WriteProcessMemory foi concluída. (0x12B)
[0514/143832.984:ERROR:process_memory_win.cc(73)] ReadMemory at 0x67f6ca1000 of 852 bytes failed: Somente uma parte de um pedido ReadProcessMemory ou WriteProcessMemory foi concluída. (0x12B)
[0514/143832.984:ERROR:process_memory_win.cc(73)] ReadMemory at 0x67f6ca4000 of 6024 bytes failed: Somente uma parte de um pedido ReadProcessMemory ou WriteProcessMemory foi concluída. (0x12B)
[0514/143832.984:ERROR:process_memory_win.cc(73)] ReadMemory at 0x23b08130fe0 of 5128 bytes failed: Somente uma parte de um pedido ReadProcessMemory ou WriteProcessMemory foi concluída. (0x12B)
[0514/143832.984:ERROR:process_memory_win.cc(73)] ReadMemory at 0x23b081323f0 of 1012 bytes failed: Somente uma parte de um pedido ReadProcessMemory ou WriteProcessMemory foi concluída. (0x12B)
[0514/143832.984:ERROR:process_memory_win.cc(73)] ReadMemory at 0x23b08132a38 of 118 bytes failed: Somente uma parte de um pedido ReadProcessMemory ou WriteProcessMemory foi concluída. (0x12B)
[0514/143832.984:ERROR:process_memory_win.cc(73)] ReadMemory at 0x23b08132ab0 of 316 bytes failed: Somente uma parte de um pedido ReadProcessMemory ou WriteProcessMemory foi concluída. (0x12B)
[0514/143832.984:ERROR:process_memory_win.cc(73)] ReadMemory at 0x23b08132bee of 118 bytes failed: Somente uma parte de um pedido ReadProcessMemory ou WriteProcessMemory foi concluída. (0x12B)
[0514/143832.984:ERROR:process_memory_win.cc(73)] ReadMemory at 0x23b08132c66 of 100 bytes failed: Somente uma parte de um pedido ReadProcessMemory ou WriteProcessMemory foi concluída. (0x12B)
[0514/143832.984:ERROR:process_memory_win.cc(73)] ReadMemory at 0x23b08132ce0 of 58 bytes failed: Somente uma parte de um pedido ReadProcessMemory ou WriteProcessMemory foi concluída. (0x12B)
[0514/143832.984:ERROR:process_memory_win.cc(73)] ReadMemory at 0x23b08132de0 of 132 bytes failed: Somente uma parte de um pedido ReadProcessMemory ou WriteProcessMemory foi concluída. (0x12B)
[0514/143832.984:ERROR:process_memory_win.cc(73)] ReadMemory at 0x23b08132f70 of 132 bytes failed: Somente uma parte de um pedido ReadProcessMemory ou WriteProcessMemory foi concluída. (0x12B)
[0514/143832.984:ERROR:process_memory_win.cc(73)] ReadMemory at 0x23b08133130 of 126 bytes failed: Somente uma parte de um pedido ReadProcessMemory ou WriteProcessMemory foi concluída. (0x12B)
[0514/143832.984:ERROR:process_memory_win.cc(73)] ReadMemory at 0x23b08133510 of 132 bytes failed: Somente uma parte de um pedido ReadProcessMemory ou WriteProcessMemory foi concluída. (0x12B)
[0514/143832.984:ERROR:process_memory_win.cc(73)] ReadMemory at 0x23b081336a0 of 64 bytes failed: Somente uma parte de um pedido ReadProcessMemory ou WriteProcessMemory foi concluída. (0x12B)
[0514/143832.984:ERROR:process_memory_win.cc(73)] ReadMemory at 0x23b081336f0 of 132 bytes failed: Somente uma parte de um pedido ReadProcessMemory ou WriteProcessMemory foi concluída. (0x12B)
[0514/143832.984:ERROR:process_memory_win.cc(73)] ReadMemory at 0x23b08133860 of 132 bytes failed: Somente uma parte de um pedido ReadProcessMemory ou WriteProcessMemory foi concluída. (0x12B)
[0514/143832.984:ERROR:process_memory_win.cc(73)] ReadMemory at 0x23b08133b00 of 132 bytes failed: Somente uma parte de um pedido ReadProcessMemory ou WriteProcessMemory foi concluída. (0x12B)
[0514/143832.984:ERROR:process_memory_win.cc(73)] ReadMemory at 0x23b08133c90 of 68 bytes failed: Somente uma parte de um pedido ReadProcessMemory ou WriteProcessMemory foi concluída. (0x12B)
[0514/143832.984:ERROR:process_memory_win.cc(73)] ReadMemory at 0x23b08134c80 of 132 bytes failed: Somente uma parte de um pedido ReadProcessMemory ou WriteProcessMemory foi concluída. (0x12B)
[0514/143832.984:ERROR:process_memory_win.cc(73)] ReadMemory at 0x23b08134e10 of 154 bytes failed: Somente uma parte de um pedido ReadProcessMemory ou WriteProcessMemory foi concluída. (0x12B)
[0514/143832.984:ERROR:process_memory_win.cc(73)] ReadMemory at 0x23b08135c0c of 512 bytes failed: Somente uma parte de um pedido ReadProcessMemory ou WriteProcessMemory foi concluída. (0x12B)
[0514/143832.984:ERROR:process_memory_win.cc(73)] ReadMemory at 0x23b08136b60 of 62 bytes failed: Somente uma parte de um pedido ReadProcessMemory ou WriteProcessMemory foi concluída. (0x12B)
[0514/143832.984:ERROR:process_memory_win.cc(73)] ReadMemory at 0x23b08136bb0 of 132 bytes failed: Somente uma parte de um pedido ReadProcessMemory ou WriteProcessMemory foi concluída. (0x12B)
[0514/143832.984:ERROR:process_memory_win.cc(73)] ReadMemory at 0x23b08136d50 of 132 bytes failed: Somente uma parte de um pedido ReadProcessMemory ou WriteProcessMemory foi concluída. (0x12B)
[0514/143832.984:ERROR:process_memory_win.cc(73)] ReadMemory at 0x23b08136e80 of 60 bytes failed: Somente uma parte de um pedido ReadProcessMemory ou WriteProcessMemory foi concluída. (0x12B)
[0514/143832.984:ERROR:process_memory_win.cc(73)] ReadMemory at 0x23b08139ca0 of 132 bytes failed: Somente uma parte de um pedido ReadProcessMemory ou WriteProcessMemory foi concluída. (0x12B)
[0514/143832.984:ERROR:process_memory_win.cc(73)] ReadMemory at 0x23b0813a920 of 132 bytes failed: Somente uma parte de um pedido ReadProcessMemory ou WriteProcessMemory foi concluída. (0x12B)
[0514/143832.984:ERROR:process_memory_win.cc(73)] ReadMemory at 0x23b0813ab30 of 132 bytes failed: Somente uma parte de um pedido ReadProcessMemory ou WriteProcessMemory foi concluída. (0x12B)
[0514/143832.984:ERROR:process_memory_win.cc(73)] ReadMemory at 0x23b0813b010 of 132 bytes failed: Somente uma parte de um pedido ReadProcessMemory ou WriteProcessMemory foi concluída. (0x12B)
[0514/143832.984:ERROR:process_memory_win.cc(73)] ReadMemory at 0x23b0813b3d0 of 80 bytes failed: Somente uma parte de um pedido ReadProcessMemory ou WriteProcessMemory foi concluída. (0x12B)
[0514/143832.984:ERROR:process_memory_win.cc(73)] ReadMemory at 0x23b0813bac0 of 64 bytes failed: Somente uma parte de um pedido ReadProcessMemory ou WriteProcessMemory foi concluída. (0x12B)
[0514/143832.984:ERROR:process_memory_win.cc(73)] ReadMemory at 0x23b0813bb60 of 64 bytes failed: Somente uma parte de um pedido ReadProcessMemory ou WriteProcessMemory foi concluída. (0x12B)
[0514/143832.984:ERROR:process_memory_win.cc(73)] ReadMemory at 0x23b0813bc00 of 60 bytes failed: Somente uma parte de um pedido ReadProcessMemory ou WriteProcessMemory foi concluída. (0x12B)
[0514/143832.984:ERROR:process_memory_win.cc(73)] ReadMemory at 0x23b0813bca0 of 64 bytes failed: Somente uma parte de um pedido ReadProcessMemory ou WriteProcessMemory foi concluída. (0x12B)
[0514/143832.984:ERROR:process_memory_win.cc(73)] ReadMemory at 0x23b0813bcf0 of 60 bytes failed: Somente uma parte de um pedido ReadProcessMemory ou WriteProcessMemory foi concluída. (0x12B)
[0514/143832.984:ERROR:process_memory_win.cc(73)] ReadMemory at 0x23b0813bed0 of 62 bytes failed: Somente uma parte de um pedido ReadProcessMemory ou WriteProcessMemory foi concluída. (0x12B)
[0514/143832.984:ERROR:process_memory_win.cc(73)] ReadMemory at 0x23b0813c060 of 66 bytes failed: Somente uma parte de um pedido ReadProcessMemory ou WriteProcessMemory foi concluída. (0x12B)
[0514/143832.984:ERROR:process_memory_win.cc(73)] ReadMemory at 0x23b0813c0b0 of 64 bytes failed: Somente uma parte de um pedido ReadProcessMemory ou WriteProcessMemory foi concluída. (0x12B)
[0514/143832.984:ERROR:process_memory_win.cc(73)] ReadMemory at 0x23b0813c1f0 of 62 bytes failed: Somente uma parte de um pedido ReadProcessMemory ou WriteProcessMemory foi concluída. (0x12B)
[0514/143832.984:ERROR:process_memory_win.cc(73)] ReadMemory at 0x23b0813c6f0 of 76 bytes failed: Somente uma parte de um pedido ReadProcessMemory ou WriteProcessMemory foi concluída. (0x12B)
[0514/143832.984:ERROR:process_memory_win.cc(73)] ReadMemory at 0x23b0813cf30 of 80 bytes failed: Somente uma parte de um pedido ReadProcessMemory ou WriteProcessMemory foi concluída. (0x12B)
[0514/143832.984:ERROR:process_memory_win.cc(73)] ReadMemory at 0x23b0813fac0 of 54 bytes failed: Somente uma parte de um pedido ReadProcessMemory ou WriteProcessMemory foi concluída. (0x12B)
[0514/143832.984:ERROR:process_memory_win.cc(73)] ReadMemory at 0x23b0813fe40 of 132 bytes failed: Somente uma parte de um pedido ReadProcessMemory ou WriteProcessMemory foi concluída. (0x12B)
[0514/143832.984:ERROR:process_memory_win.cc(73)] ReadMemory at 0x23b08140990 of 132 bytes failed: Somente uma parte de um pedido ReadProcessMemory ou WriteProcessMemory foi concluída. (0x12B)
[0514/143832.984:ERROR:process_memory_win.cc(73)] ReadMemory at 0x23b08140bb0 of 132 bytes failed: Somente uma parte de um pedido ReadProcessMemory ou WriteProcessMemory foi concluída. (0x12B)
[0514/143832.984:ERROR:process_memory_win.cc(73)] ReadMemory at 0x23b081416e0 of 146 bytes failed: Somente uma parte de um pedido ReadProcessMemory ou WriteProcessMemory foi concluída. (0x12B)
[0514/143832.984:ERROR:process_memory_win.cc(73)] ReadMemory at 0x23b08142f00 of 132 bytes failed: Somente uma parte de um pedido ReadProcessMemory ou WriteProcessMemory foi concluída. (0x12B)
[0514/143832.984:ERROR:process_memory_win.cc(73)] ReadMemory at 0x23b08144aa0 of 132 bytes failed: Somente uma parte de um pedido ReadProcessMemory ou WriteProcessMemory foi concluída. (0x12B)
[0514/143832.984:ERROR:process_memory_win.cc(73)] ReadMemory at 0x23b08144bd0 of 132 bytes failed: Somente uma parte de um pedido ReadProcessMemory ou WriteProcessMemory foi concluída. (0x12B)
[0514/143832.984:ERROR:process_memory_win.cc(73)] ReadMemory at 0x23b08144d00 of 132 bytes failed: Somente uma parte de um pedido ReadProcessMemory ou WriteProcessMemory foi concluída. (0x12B)
[0514/143832.984:ERROR:process_memory_win.cc(73)] ReadMemory at 0x23b08144f60 of 132 bytes failed: Somente uma parte de um pedido ReadProcessMemory ou WriteProcessMemory foi concluída. (0x12B)
[0514/143832.984:ERROR:process_memory_win.cc(73)] ReadMemory at 0x23b08145090 of 132 bytes failed: Somente uma parte de um pedido ReadProcessMemory ou WriteProcessMemory foi concluída. (0x12B)
[0514/143832.984:ERROR:process_memory_win.cc(73)] ReadMemory at 0x23b081451c0 of 132 bytes failed: Somente uma parte de um pedido ReadProcessMemory ou WriteProcessMemory foi concluída. (0x12B)
[0514/143832.984:ERROR:process_memory_win.cc(73)] ReadMemory at 0x23b081452f0 of 132 bytes failed: Somente uma parte de um pedido ReadProcessMemory ou WriteProcessMemory foi concluída. (0x12B)
[0514/143832.984:ERROR:process_memory_win.cc(73)] ReadMemory at 0x23b08145420 of 132 bytes failed: Somente uma parte de um pedido ReadProcessMemory ou WriteProcessMemory foi concluída. (0x12B)
[0514/143832.984:ERROR:process_memory_win.cc(73)] ReadMemory at 0x23b08145550 of 132 bytes failed: Somente uma parte de um pedido ReadProcessMemory ou WriteProcessMemory foi concluída. (0x12B)
[0514/143832.984:ERROR:process_memory_win.cc(73)] ReadMemory at 0x23b08145680 of 132 bytes failed: Somente uma parte de um pedido ReadProcessMemory ou WriteProcessMemory foi concluída. (0x12B)
[0514/143832.984:ERROR:process_memory_win.cc(73)] ReadMemory at 0x23b081457b0 of 132 bytes failed: Somente uma parte de um pedido ReadProcessMemory ou WriteProcessMemory foi concluída. (0x12B)
[0514/143832.984:ERROR:process_memory_win.cc(73)] ReadMemory at 0x23b081458e0 of 132 bytes failed: Somente uma parte de um pedido ReadProcessMemory ou WriteProcessMemory foi concluída. (0x12B)
[0514/143832.984:ERROR:process_memory_win.cc(73)] ReadMemory at 0x23b081461f0 of 62 bytes failed: Somente uma parte de um pedido ReadProcessMemory ou WriteProcessMemory foi concluída. (0x12B)
[0514/143832.984:ERROR:process_memory_win.cc(73)] ReadMemory at 0x23b08146240 of 64 bytes failed: Somente uma parte de um pedido ReadProcessMemory ou WriteProcessMemory foi concluída. (0x12B)
[0514/143832.984:ERROR:process_memory_win.cc(73)] ReadMemory at 0x23b081462e0 of 62 bytes failed: Somente uma parte de um pedido ReadProcessMemory ou WriteProcessMemory foi concluída. (0x12B)
[0514/143832.984:ERROR:process_memory_win.cc(73)] ReadMemory at 0x23b08146330 of 62 bytes failed: Somente uma parte de um pedido ReadProcessMemory ou WriteProcessMemory foi concluída. (0x12B)
[0514/143832.984:ERROR:process_memory_win.cc(73)] ReadMemory at 0x23b08146470 of 62 bytes failed: Somente uma parte de um pedido ReadProcessMemory ou WriteProcessMemory foi concluída. (0x12B)
[0514/143832.984:ERROR:process_memory_win.cc(73)] ReadMemory at 0x23b08146510 of 60 bytes failed: Somente uma parte de um pedido ReadProcessMemory ou WriteProcessMemory foi concluída. (0x12B)
[0514/143832.984:ERROR:process_memory_win.cc(73)] ReadMemory at 0x23b08146560 of 62 bytes failed: Somente uma parte de um pedido ReadProcessMemory ou WriteProcessMemory foi concluída. (0x12B)
[0514/143832.984:ERROR:process_memory_win.cc(73)] ReadMemory at 0x23b081466a0 of 66 bytes failed: Somente uma parte de um pedido ReadProcessMemory ou WriteProcessMemory foi concluída. (0x12B)
[0514/143832.984:ERROR:process_memory_win.cc(73)] ReadMemory at 0x23b08146790 of 58 bytes failed: Somente uma parte de um pedido ReadProcessMemory ou WriteProcessMemory foi concluída. (0x12B)
[0514/143832.984:ERROR:process_memory_win.cc(73)] ReadMemory at 0x23b081467e0 of 64 bytes failed: Somente uma parte de um pedido ReadProcessMemory ou WriteProcessMemory foi concluída. (0x12B)
[0514/143832.984:ERROR:process_memory_win.cc(73)] ReadMemory at 0x23b08146830 of 64 bytes failed: Somente uma parte de um pedido ReadProcessMemory ou WriteProcessMemory foi concluída. (0x12B)
[0514/143832.984:ERROR:process_memory_win.cc(73)] ReadMemory at 0x23b08146970 of 62 bytes failed: Somente uma parte de um pedido ReadProcessMemory ou WriteProcessMemory foi concluída. (0x12B)
[0514/143832.984:ERROR:process_memory_win.cc(73)] ReadMemory at 0x23b08146a10 of 64 bytes failed: Somente uma parte de um pedido ReadProcessMemory ou WriteProcessMemory foi concluída. (0x12B)
[0514/143832.984:ERROR:process_memory_win.cc(73)] ReadMemory at 0x23b08146bf0 of 62 bytes failed: Somente uma parte de um pedido ReadProcessMemory ou WriteProcessMemory foi concluída. (0x12B)
[0514/143832.984:ERROR:process_memory_win.cc(73)] ReadMemory at 0x23b08146c40 of 62 bytes failed: Somente uma parte de um pedido ReadProcessMemory ou WriteProcessMemory foi concluída. (0x12B)
[0514/143832.984:ERROR:process_memory_win.cc(73)] ReadMemory at 0x23b08146c90 of 60 bytes failed: Somente uma parte de um pedido ReadProcessMemory ou WriteProcessMemory foi concluída. (0x12B)
[0514/143832.984:ERROR:process_memory_win.cc(73)] ReadMemory at 0x23b08146ce0 of 60 bytes failed: Somente uma parte de um pedido ReadProcessMemory ou WriteProcessMemory foi concluída. (0x12B)
[0514/143832.984:ERROR:process_memory_win.cc(73)] ReadMemory at 0x23b08146d80 of 60 bytes failed: Somente uma parte de um pedido ReadProcessMemory ou WriteProcessMemory foi concluída. (0x12B)
[0514/143832.984:ERROR:process_memory_win.cc(73)] ReadMemory at 0x23b08146f30 of 132 bytes failed: Somente uma parte de um pedido ReadProcessMemory ou WriteProcessMemory foi concluída. (0x12B)
[0514/143832.984:ERROR:process_memory_win.cc(73)] ReadMemory at 0x23b08147060 of 132 bytes failed: Somente uma parte de um pedido ReadProcessMemory ou WriteProcessMemory foi concluída. (0x12B)
[0514/143832.984:ERROR:process_memory_win.cc(73)] ReadMemory at 0x23b081472c0 of 132 bytes failed: Somente uma parte de um pedido ReadProcessMemory ou WriteProcessMemory foi concluída. (0x12B)
[0514/143832.984:ERROR:process_memory_win.cc(73)] ReadMemory at 0x23b08147780 of 132 bytes failed: Somente uma parte de um pedido ReadProcessMemory ou WriteProcessMemory foi concluída. (0x12B)
[0514/143832.984:ERROR:process_memory_win.cc(73)] ReadMemory at 0x23b081478b0 of 132 bytes failed: Somente uma parte de um pedido ReadProcessMemory ou WriteProcessMemory foi concluída. (0x12B)
[0514/143832.984:ERROR:process_memory_win.cc(73)] ReadMemory at 0x23b081479e0 of 132 bytes failed: Somente uma parte de um pedido ReadProcessMemory ou WriteProcessMemory foi concluída. (0x12B)
[0514/143832.984:ERROR:process_memory_win.cc(73)] ReadMemory at 0x23b08147ea0 of 132 bytes failed: Somente uma parte de um pedido ReadProcessMemory ou WriteProcessMemory foi concluída. (0x12B)
[0514/143832.984:ERROR:process_memory_win.cc(73)] ReadMemory at 0x23b08148100 of 132 bytes failed: Somente uma parte de um pedido ReadProcessMemory ou WriteProcessMemory foi concluída. (0x12B)
[0514/143832.984:ERROR:process_memory_win.cc(73)] ReadMemory at 0x23b08148bb0 of 132 bytes failed: Somente uma parte de um pedido ReadProcessMemory ou WriteProcessMemory foi concluída. (0x12B)
[0514/143832.984:ERROR:process_memory_win.cc(73)] ReadMemory at 0x23b08148ce0 of 132 bytes failed: Somente uma parte de um pedido ReadProcessMemory ou WriteProcessMemory foi concluída. (0x12B)
[0514/143832.984:ERROR:process_memory_win.cc(73)] ReadMemory at 0x23b0837d5c0 of 512 bytes failed: Somente uma parte de um pedido ReadProcessMemory ou WriteProcessMemory foi concluída. (0x12B)
[0514/143832.993:ERROR:scoped_process_suspend.cc(40)] NtResumeProcess: Tentou-se acessar um processo de saída. (0xc000010a)
[0514/154650.241:ERROR:process_memory_win.cc(73)] ReadMemory at 0x8de5709000 of 852 bytes failed: Somente uma parte de um pedido ReadProcessMemory ou WriteProcessMemory foi concluída. (0x12B)
[0514/154650.411:ERROR:process_snapshot_win.cc(389)] ReadMemory PEB
[0514/154650.680:ERROR:process_memory_win.cc(73)] ReadMemory at 0x8de67fb000 of 20480 bytes failed: Somente uma parte de um pedido ReadProcessMemory ou WriteProcessMemory foi concluída. (0x12B)
[0514/154650.680:ERROR:process_memory_win.cc(73)] ReadMemory at 0x8de5709000 of 852 bytes failed: Somente uma parte de um pedido ReadProcessMemory ou WriteProcessMemory foi concluída. (0x12B)
[0514/154650.680:ERROR:process_memory_win.cc(73)] ReadMemory at 0x8de570c000 of 6024 bytes failed: Somente uma parte de um pedido ReadProcessMemory ou WriteProcessMemory foi concluída. (0x12B)
[0514/154650.727:ERROR:scoped_process_suspend.cc(40)] NtResumeProcess: Tentou-se acessar um processo de saída. (0xc000010a)
